[2021-10-05 12:28:48.525] [exthost] [info] extension host started
[2021-10-05 12:28:48.525] [exthost] [info] Skipping acquiring lock for /home/dshal/db/php/src/~/.vscode-root/User/workspaceStorage/53009ea1557ef6859881229811c1f9d4.
[2021-10-05 12:28:48.779] [exthost] [info] ExtensionService#_doActivateExtension vscode.microsoft-authentication {"startup":false,"extensionId":{"value":"vscode.microsoft-authentication","_lower":"vscode.microsoft-authentication"},"activationEvent":"onAuthenticationRequest:microsoft"}
[2021-10-05 12:28:48.779] [exthost] [info] ExtensionService#loadCommonJSModule file:///snap/code/75/usr/share/code/resources/app/extensions/microsoft-authentication/dist/extension.js
[2021-10-05 12:28:48.888] [exthost] [info] ExtensionService#_doActivateExtension vscode.debug-auto-launch {"startup":true,"extensionId":{"value":"vscode.debug-auto-launch","_lower":"vscode.debug-auto-launch"},"activationEvent":"*"}
[2021-10-05 12:28:48.888] [exthost] [info] ExtensionService#loadCommonJSModule file:///snap/code/75/usr/share/code/resources/app/extensions/debug-auto-launch/dist/extension
[2021-10-05 12:28:48.896] [exthost] [info] ExtensionService#_doActivateExtension vscode.git {"startup":true,"extensionId":{"value":"vscode.github","_lower":"vscode.github"},"activationEvent":"*"}
[2021-10-05 12:28:48.897] [exthost] [info] ExtensionService#loadCommonJSModule file:///snap/code/75/usr/share/code/resources/app/extensions/git/dist/main
[2021-10-05 12:28:49.147] [exthost] [info] ExtensionService#_doActivateExtension vscode.github {"startup":true,"extensionId":{"value":"vscode.github","_lower":"vscode.github"},"activationEvent":"*"}
[2021-10-05 12:28:49.147] [exthost] [info] ExtensionService#loadCommonJSModule file:///snap/code/75/usr/share/code/resources/app/extensions/github/dist/extension.js
[2021-10-05 12:28:49.167] [exthost] [info] ExtensionService#_doActivateExtension ms-vscode.js-debug {"startup":false,"extensionId":{"value":"ms-vscode.js-debug","_lower":"ms-vscode.js-debug"},"activationEvent":"onCommand:extension.js-debug.clearAutoAttachVariables"}
[2021-10-05 12:28:49.168] [exthost] [info] ExtensionService#loadCommonJSModule file:///snap/code/75/usr/share/code/resources/app/extensions/ms-vscode.js-debug/src/extension.js
[2021-10-05 12:28:49.521] [exthost] [info] eager extensions activated
[2021-10-05 12:28:49.553] [exthost] [info] ExtensionService#_doActivateExtension vscode.github-authentication {"startup":false,"extensionId":{"value":"vscode.github-authentication","_lower":"vscode.github-authentication"},"activationEvent":"onAuthenticationRequest:github"}
[2021-10-05 12:28:49.553] [exthost] [info] ExtensionService#loadCommonJSModule file:///snap/code/75/usr/share/code/resources/app/extensions/github-authentication/dist/extension.js
[2021-10-05 12:28:49.625] [exthost] [info] ExtensionService#_doActivateExtension vscode.emmet {"startup":false,"extensionId":{"value":"vscode.emmet","_lower":"vscode.emmet"},"activationEvent":"onStartupFinished"}
[2021-10-05 12:28:49.626] [exthost] [info] ExtensionService#loadCommonJSModule file:///snap/code/75/usr/share/code/resources/app/extensions/emmet/dist/node/emmetNodeMain
[2021-10-05 12:28:49.651] [exthost] [info] ExtensionService#_doActivateExtension vscode.merge-conflict {"startup":false,"extensionId":{"value":"vscode.merge-conflict","_lower":"vscode.merge-conflict"},"activationEvent":"onStartupFinished"}
[2021-10-05 12:28:49.651] [exthost] [info] ExtensionService#loadCommonJSModule file:///snap/code/75/usr/share/code/resources/app/extensions/merge-conflict/dist/mergeConflictMain
[2021-10-05 12:28:49.658] [exthost] [info] ExtensionService#_doActivateExtension esbenp.prettier-vscode {"startup":false,"extensionId":{"value":"esbenp.prettier-vscode","_lower":"esbenp.prettier-vscode"},"activationEvent":"onStartupFinished"}
[2021-10-05 12:28:49.658] [exthost] [info] ExtensionService#loadCommonJSModule file:///root/.vscode/extensions/esbenp.prettier-vscode-9.0.0/dist/extension
[2021-10-05 12:28:55.415] [exthost] [info] ExtensionService#_doActivateExtension vscode.html-language-features {"startup":false,"extensionId":{"value":"vscode.html-language-features","_lower":"vscode.html-language-features"},"activationEvent":"onLanguage:html"}
[2021-10-05 12:28:55.415] [exthost] [info] ExtensionService#loadCommonJSModule file:///snap/code/75/usr/share/code/resources/app/extensions/html-language-features/client/dist/node/htmlClientMain
[2021-10-05 12:28:57.430] [exthost] [info] ExtensionService#_doActivateExtension vscode.php-language-features {"startup":false,"extensionId":{"value":"vscode.php-language-features","_lower":"vscode.php-language-features"},"activationEvent":"onLanguage:php"}
[2021-10-05 12:28:57.431] [exthost] [info] ExtensionService#loadCommonJSModule file:///snap/code/75/usr/share/code/resources/app/extensions/php-language-features/dist/phpMain
[2021-10-05 15:29:49.697] [exthost] [info] extension host terminating: renderer closed the socket
[2021-10-05 15:29:50.744] [exthost] [info] exiting with code 0
